\BOOKMARK [1][-]{section.1}{\376\377\000T\000O\000D\000O}{}% 1
\BOOKMARK [1][-]{section.2}{\376\377\000B\000u\000i\000l\000d\000i\000n\000g}{}% 2
\BOOKMARK [2][-]{subsection.2.1}{\376\377\000P\000r\000e\000-\000r\000e\000q\000s}{section.2}% 3
\BOOKMARK [2][-]{subsection.2.2}{\376\377\000o\000p\000e\000n\000F\000O\000A\000M}{section.2}% 4
\BOOKMARK [2][-]{subsection.2.3}{\376\377\000P\000A\000T\000O}{section.2}% 5
\BOOKMARK [2][-]{subsection.2.4}{\376\377\000M\000u\000t\000a\000t\000i\000o\000n\000+\000+\000\040}{section.2}% 6
\BOOKMARK [2][-]{subsection.2.5}{\376\377\000T\000O\000D\000O\000:\000\040\000\050\000i\000g\000n\000o\000r\000e\000\040\000t\000h\000i\000s\000\051}{section.2}% 7
\BOOKMARK [1][-]{section.3}{\376\377\000E\000n\000v\000i\000r\000o\000n\000m\000e\000n\000t\000\040\000c\000o\000n\000f\000i\000g\000u\000r\000a\000t\000i\000o\000n\000\040\000a\000n\000d\000\040\000r\000u\000n\000n\000i\000n\000g}{}% 8
\BOOKMARK [2][-]{subsection.3.1}{\376\377\000D\000a\000n\000e\000:}{section.3}% 9
\BOOKMARK [1][-]{section.4}{\376\377\000S\000e\000t\000u\000p}{}% 10
\BOOKMARK [2][-]{subsection.4.1}{\376\377\000B\000a\000s\000i\000c\000\040\000s\000t\000e\000p\000s}{section.4}% 11
\BOOKMARK [2][-]{subsection.4.2}{\376\377\000M\000e\000s\000h\000\040\000g\000e\000n\000e\000r\000a\000t\000i\000o\000n}{section.4}% 12
\BOOKMARK [3][-]{subsubsection.4.2.1}{\376\377\000b\000l\000o\000c\000k\000M\000e\000s\000h}{subsection.4.2}% 13
\BOOKMARK [3][-]{subsubsection.4.2.2}{\376\377\000a\000x\000i\000s\000y\000m\000m\000e\000t\000r\000y}{subsection.4.2}% 14
\BOOKMARK [2][-]{subsection.4.3}{\376\377\000I\000n\000i\000t\000i\000a\000l\000\040\000c\000o\000n\000d\000i\000t\000i\000o\000n\000s}{section.4}% 15
\BOOKMARK [2][-]{subsection.4.4}{\376\377\000B\000o\000u\000n\000d\000a\000r\000y\000\040\000c\000o\000n\000d\000i\000t\000i\000o\000n\000s}{section.4}% 16
\BOOKMARK [3][-]{subsubsection.4.4.1}{\376\377\000V\000a\000r\000i\000a\000b\000l\000e\000\040\000B\000C\000s}{subsection.4.4}% 17
\BOOKMARK [3][-]{subsubsection.4.4.2}{\376\377\000P\000r\000e\000s\000s\000u\000r\000e\000\040\000B\000C\000\040\000+\000\040\000g\000r\000a\000v\000i\000t\000y}{subsection.4.4}% 18
\BOOKMARK [3][-]{subsubsection.4.4.3}{\376\377\000t\000i\000m\000e\000-\000d\000e\000p\000e\000n\000d\000e\000n\000t\000\040\000B\000C\000s}{subsection.4.4}% 19
\BOOKMARK [3][-]{subsubsection.4.4.4}{\376\377\000R\000o\000b\000i\000n\000\040\000B\000C}{subsection.4.4}% 20
\BOOKMARK [3][-]{subsubsection.4.4.5}{\376\377\000c\000h\000a\000n\000g\000e\000\040\000o\000f\000\040\000B\000C\000s}{subsection.4.4}% 21
\BOOKMARK [2][-]{subsection.4.5}{\376\377\000C\000h\000e\000m\000i\000s\000t\000r\000y}{section.4}% 22
\BOOKMARK [3][-]{subsubsection.4.5.1}{\376\377\000m\000e\000c\000h\000a\000n\000i\000s\000m\000s}{subsection.4.5}% 23
\BOOKMARK [3][-]{subsubsection.4.5.2}{\376\377\000p\000o\000s\000s\000i\000b\000l\000e\000\040\000m\000e\000c\000h\000a\000n\000i\000s\000m\000\040\000s\000i\000m\000p\000l\000i\000f\000i\000c\000a\000t\000i\000o\000n}{subsection.4.5}% 24
\BOOKMARK [2][-]{subsection.4.6}{\376\377\000R\000a\000d\000i\000a\000t\000i\000o\000n}{section.4}% 25
\BOOKMARK [3][-]{subsubsection.4.6.1}{\376\377\000v\000i\000e\000w\000F\000a\000c\000t\000o\000r}{subsection.4.6}% 26
\BOOKMARK [3][-]{subsubsection.4.6.2}{\376\377\000P\0001\000\040\000m\000o\000d\000e\000l}{subsection.4.6}% 27
\BOOKMARK [2][-]{subsection.4.7}{\376\377\000S\000y\000s\000t\000e\000m}{section.4}% 28
\BOOKMARK [3][-]{subsubsection.4.7.1}{\376\377\000f\000v\000S\000c\000h\000e\000m\000e\000s}{subsection.4.7}% 29
\BOOKMARK [3][-]{subsubsection.4.7.2}{\376\377\000f\000v\000S\000o\000l\000u\000t\000i\000o\000n}{subsection.4.7}% 30
\BOOKMARK [2][-]{subsection.4.8}{\376\377\000f\000v\000O\000p\000t\000i\000o\000n\000s}{section.4}% 31
\BOOKMARK [2][-]{subsection.4.9}{\376\377\000c\000o\000n\000t\000r\000o\000l\000D\000i\000c\000t}{section.4}% 32
\BOOKMARK [3][-]{subsubsection.4.9.1}{\376\377\000f\000u\000n\000c\000t\000i\000o\000n\000s}{subsection.4.9}% 33
\BOOKMARK [2][-]{subsection.4.10}{\376\377\000s\000e\000t\000F\000i\000e\000l\000d\000s}{section.4}% 34
\BOOKMARK [2][-]{subsection.4.11}{\376\377\000p\000a\000r\000a\000l\000l\000e\000l}{section.4}% 35
\BOOKMARK [1][-]{section.5}{\376\377\000S\000o\000l\000v\000e\000r\000s}{}% 36
\BOOKMARK [2][-]{subsection.5.1}{\376\377\000c\000h\000t\000M\000u\000l\000t\000i\000R\000e\000g\000i\000o\000n\000F\000o\000a\000m}{section.5}% 37
\BOOKMARK [1][-]{section.6}{\376\377\000p\000o\000s\000t\000P\000r\000o\000c\000e\000s\000s}{}% 38
\BOOKMARK [2][-]{subsection.6.1}{\376\377\000f\000o\000a\000m\000T\000o\000V\000T\000K}{section.6}% 39
\BOOKMARK [2][-]{subsection.6.2}{\376\377\000s\000o\000l\000v\000e\000r\000-\000d\000e\000p\000e\000n\000d\000e\000n\000t}{section.6}% 40
\BOOKMARK [1][-]{section.7}{\376\377\000F\000o\000r\000m\000u\000l\000a\000t\000i\000o\000n}{}% 41
\BOOKMARK [2][-]{subsection.7.1}{\376\377\000P\000r\000e\000s\000s\000u\000r\000e}{section.7}% 42
\BOOKMARK [2][-]{subsection.7.2}{\376\377\000E\000n\000e\000r\000g\000y\000\040\000e\000q\000u\000a\000t\000i\000o\000n}{section.7}% 43
\BOOKMARK [2][-]{subsection.7.3}{\376\377\000S\000p\000e\000c\000i\000e\000s\000\040\000e\000q\000u\000a\000t\000i\000o\000n}{section.7}% 44
\BOOKMARK [2][-]{subsection.7.4}{\376\377\000T\000r\000a\000n\000s\000p\000o\000r\000t\000\040\000m\000o\000d\000e\000l}{section.7}% 45
